<?xml version="1.0" encoding="UTF-8"?>
<testsuite xmlns:xsi="http://www.w3.org/2001/XMLSchema-instance" xsi:noNamespaceSchemaLocation="https://maven.apache.org/surefire/maven-surefire-plugin/xsd/surefire-test-report-3.0.xsd" version="3.0" name="com.quanlychitieu.tests.JUnitTestingTiers" time="0.032" tests="18" errors="0" skipped="0" failures="0">
  <properties>
[...]
</properties>
  <testcase name="testBlackBox_BelowBoundary" classname="com.quanlychitieu.tests.JUnitTestingTiers" time="0.009"/>
  <testcase name="testGrayBox_FailUpgradeEdge" classname="com.quanlychitieu.tests.JUnitTestingTiers" time="0.0"/>
  <testcase name="testWhiteBox_NegativeLimit" classname="com.quanlychitieu.tests.JUnitTestingTiers" time="0.001"/>
  <testcase name="testGrayBox_SuccessUpgradeOver" classname="com.quanlychitieu.tests.JUnitTestingTiers" time="0.001"/>
  <testcase name="testWhiteBox_NegativeSpent" classname="com.quanlychitieu.tests.JUnitTestingTiers" time="0.0"/>
  <testcase name="testWhiteBox_SafeLow" classname="com.quanlychitieu.tests.JUnitTestingTiers" time="0.0"/>
  <testcase name="testWhiteBox_OverBudget" classname="com.quanlychitieu.tests.JUnitTestingTiers" time="0.0"/>
  <testcase name="testGrayBox_FailUpgrade" classname="com.quanlychitieu.tests.JUnitTestingTiers" time="0.0"/>
  <testcase name="testWhiteBox_WarningEdge" classname="com.quanlychitieu.tests.JUnitTestingTiers" time="0.0"/>
  <testcase name="testWhiteBox_WarningHigh" classname="com.quanlychitieu.tests.JUnitTestingTiers" time="0.0"/>
  <testcase name="testWhiteBox_ExactBudget" classname="com.quanlychitieu.tests.JUnitTestingTiers" time="0.0"/>
  <testcase name="testBlackBox_StrongValid" classname="com.quanlychitieu.tests.JUnitTestingTiers" time="0.0"/>
  <testcase name="testBlackBox_ExactBoundary" classname="com.quanlychitieu.tests.JUnitTestingTiers" time="0.0"/>
  <testcase name="testGrayBox_SuccessUpgradeExact" classname="com.quanlychitieu.tests.JUnitTestingTiers" time="0.001"/>
  <testcase name="testWhiteBox_SafeEdge" classname="com.quanlychitieu.tests.JUnitTestingTiers" time="0.001"/>
  <testcase name="testBlackBox_EmptyString" classname="com.quanlychitieu.tests.JUnitTestingTiers" time="0.0"/>
  <testcase name="testBlackBox_NullValue" classname="com.quanlychitieu.tests.JUnitTestingTiers" time="0.001"/>
  <testcase name="testBlackBox_AboveBoundary" classname="com.quanlychitieu.tests.JUnitTestingTiers" time="0.0"/>
</testsuite>